<?xml version="1.0" encoding="UTF-8"?>
<!-- Generated by org.testng.reporters.JUnitReportReporter -->
<testsuite hostname="DESKTOP-KSTEH8E" failures="0" tests="1" name="tracratselenium.runner.Cucumberrunner" time="103.388" errors="1" timestamp="2024-09-24T15:01:06 IST" skipped="0">
  <testcase classname="tracratselenium.runner.Cucumberrunner" name="runScenario" time="103.388">
    <error message="Expected condition failed: waiting for element to be clickable: [[[[ChromeDriver: chrome on windows (081b4f9796ca0afab9fbde2bb6e0ee11)] -&gt; xpath: //div[@title=&#039;click here to Manage Companies&#039;]/ngx-select-dropdown]] -&gt; name: search-text] (tried for 20 second(s) with 500 milliseconds interval)
Build info: version: &#039;4.19.1&#039;, revision: &#039;abe0ee07dc&#039;
System info: os.name: &#039;Windows 10&#039;, os.arch: &#039;amd64&#039;, os.version: &#039;10.0&#039;, java.version: &#039;17.0.10&#039;
Driver info: org.openqa.selenium.chrome.ChromeDriver
Capabilities {acceptInsecureCerts: false, browserName: chrome, browserVersion: 129.0.6668.58, chrome: {chromedriverVersion: 129.0.6668.58 (81a06fb873a9..., userDataDir: C:\Users\DELL\AppData\Local...}, fedcm:accounts: true, goog:chromeOptions: {debuggerAddress: localhost:58434}, networkConnectionEnabled: false, pageLoadStrategy: normal, platformName: windows, proxy: Proxy(), se:cdp: ws://localhost:58434/devtoo..., se:cdpVersion: 129.0.6668.58, setWindowRect: true, strictFileInteractability: false, timeouts: {implicit: 0, pageLoad: 300000, script: 30000}, unhandledPromptBehavior: dismiss and notify, webauthn:extension:credBlob: true, webauthn:extension:largeBlob: true, webauthn:extension:minPinLength: true, webauthn:extension:prf: true, webauthn:virtualAuthenticators: true}
Session ID: 081b4f9796ca0afab9fbde2bb6e0ee11" type="org.openqa.selenium.TimeoutException">
      <![CDATA[org.openqa.selenium.TimeoutException: Expected condition failed: waiting for element to be clickable: [[[[ChromeDriver: chrome on windows (081b4f9796ca0afab9fbde2bb6e0ee11)] -> xpath: //div[@title='click here to Manage Companies']/ngx-select-dropdown]] -> name: search-text] (tried for 20 second(s) with 500 milliseconds interval)
Build info: version: '4.19.1', revision: 'abe0ee07dc'
System info: os.name: 'Windows 10', os.arch: 'amd64', os.version: '10.0', java.version: '17.0.10'
Driver info: org.openqa.selenium.chrome.ChromeDriver
Capabilities {acceptInsecureCerts: false, browserName: chrome, browserVersion: 129.0.6668.58, chrome: {chromedriverVersion: 129.0.6668.58 (81a06fb873a9..., userDataDir: C:\Users\DELL\AppData\Local...}, fedcm:accounts: true, goog:chromeOptions: {debuggerAddress: localhost:58434}, networkConnectionEnabled: false, pageLoadStrategy: normal, platformName: windows, proxy: Proxy(), se:cdp: ws://localhost:58434/devtoo..., se:cdpVersion: 129.0.6668.58, setWindowRect: true, strictFileInteractability: false, timeouts: {implicit: 0, pageLoad: 300000, script: 30000}, unhandledPromptBehavior: dismiss and notify, webauthn:extension:credBlob: true, webauthn:extension:largeBlob: true, webauthn:extension:minPinLength: true, webauthn:extension:prf: true, webauthn:virtualAuthenticators: true}
Session ID: 081b4f9796ca0afab9fbde2bb6e0ee11
at org.openqa.selenium.support.ui.WebDriverWait.timeoutException(WebDriverWait.java:84)
at org.openqa.selenium.support.ui.FluentWait.until(FluentWait.java:228)
at tracratselenium.helpers.DriverHelper.waitForClickable(DriverHelper.java:32)
at tracratselenium.helpers.DriverHelper.selectNgxDropdownOption(DriverHelper.java:60)
at tracratselenium.pages.HomePage.selectCompany(HomePage.java:70)
at tracratselenium.stepdef.HomePageStepdefs.WhenTheUserSelects(HomePageStepdefs.java:35)
at âœ½.I select the dropdown 'Select Company'(file:///F:/eclipse-workspace/tracratselenium/src/test/resources/features/Company.feature:9)
]]>
    </error>
  </testcase> <!-- runScenario -->
</testsuite> <!-- tracratselenium.runner.Cucumberrunner -->
